0 info it worked if it ends with ok
1 verbose cli [ 'C:\\Program Files\\nodejs\\node.exe',
1 verbose cli   'C:\\Program Files\\nodejs\\node_modules\\npm\\bin\\npm-cli.js',
1 verbose cli   'install' ]
2 info using npm@3.10.10
3 info using node@v6.11.4
4 silly loadCurrentTree Starting
5 silly install loadCurrentTree
6 silly install readLocalPackageData
7 silly install normalizeTree
8 silly loadCurrentTree Finishing
9 silly loadIdealTree Starting
10 silly install loadIdealTree
11 silly cloneCurrentTree Starting
12 silly install cloneCurrentTreeToIdealTree
13 silly cloneCurrentTree Finishing
14 silly loadShrinkwrap Starting
15 silly install loadShrinkwrap
16 silly loadShrinkwrap Finishing
17 silly loadAllDepsIntoIdealTree Starting
18 silly install loadAllDepsIntoIdealTree
19 silly fetchNamedPackageData peerjs
20 silly mapToRegistry name peerjs
21 silly mapToRegistry using default registry
22 silly mapToRegistry registry https://registry.npmjs.org/
23 silly mapToRegistry data Result {
23 silly mapToRegistry   raw: 'peerjs',
23 silly mapToRegistry   scope: null,
23 silly mapToRegistry   escapedName: 'peerjs',
23 silly mapToRegistry   name: 'peerjs',
23 silly mapToRegistry   rawSpec: '',
23 silly mapToRegistry   spec: 'latest',
23 silly mapToRegistry   type: 'tag' }
24 silly mapToRegistry uri https://registry.npmjs.org/peerjs
25 verbose request uri https://registry.npmjs.org/peerjs
26 verbose request no auth needed
27 info attempt registry request try #1 at 09:28:27
28 verbose request id c2caaa35bbbc7eb0
29 verbose etag W/"5948f158-3180"
30 verbose lastModified Tue, 20 Jun 2017 09:56:40 GMT
31 http request GET https://registry.npmjs.org/peerjs
32 http 304 https://registry.npmjs.org/peerjs
33 verbose headers { date: 'Fri, 06 Oct 2017 16:28:25 GMT',
33 verbose headers   via: '1.1 varnish',
33 verbose headers   'cache-control': 'max-age=300',
33 verbose headers   etag: 'W/"5948f158-3180"',
33 verbose headers   age: '0',
33 verbose headers   connection: 'keep-alive',
33 verbose headers   'x-served-by': 'cache-sea1022-SEA',
33 verbose headers   'x-cache': 'MISS',
33 verbose headers   'x-cache-hits': '0',
33 verbose headers   'x-timer': 'S1507307305.060971,VS0,VE24',
33 verbose headers   vary: 'Accept-Encoding, Accept' }
34 silly get cb [ 304,
34 silly get   { date: 'Fri, 06 Oct 2017 16:28:25 GMT',
34 silly get     via: '1.1 varnish',
34 silly get     'cache-control': 'max-age=300',
34 silly get     etag: 'W/"5948f158-3180"',
34 silly get     age: '0',
34 silly get     connection: 'keep-alive',
34 silly get     'x-served-by': 'cache-sea1022-SEA',
34 silly get     'x-cache': 'MISS',
34 silly get     'x-cache-hits': '0',
34 silly get     'x-timer': 'S1507307305.060971,VS0,VE24',
34 silly get     vary: 'Accept-Encoding, Accept' } ]
35 verbose etag https://registry.npmjs.org/peerjs from cache
36 verbose get saving peerjs to C:\Users\EV Tech\AppData\Roaming\npm-cache\registry.npmjs.org\peerjs\.cache.json
37 verbose correctMkdir C:\Users\EV Tech\AppData\Roaming\npm-cache correctMkdir not in flight; initializing
38 silly resolveWithNewModule peerjs@0.3.14 checking installable status
39 silly cache add args [ 'peerjs@~0.3.14', null ]
40 verbose cache add spec peerjs@~0.3.14
41 silly cache add parsed spec Result {
41 silly cache add   raw: 'peerjs@~0.3.14',
41 silly cache add   scope: null,
41 silly cache add   escapedName: 'peerjs',
41 silly cache add   name: 'peerjs',
41 silly cache add   rawSpec: '~0.3.14',
41 silly cache add   spec: '>=0.3.14 <0.4.0',
41 silly cache add   type: 'range' }
42 silly addNamed peerjs@>=0.3.14 <0.4.0
43 verbose addNamed ">=0.3.14 <0.4.0" is a valid semver range for peerjs
44 silly addNameRange { name: 'peerjs', range: '>=0.3.14 <0.4.0', hasData: false }
45 silly mapToRegistry name peerjs
46 silly mapToRegistry using default registry
47 silly mapToRegistry registry https://registry.npmjs.org/
48 silly mapToRegistry data Result {
48 silly mapToRegistry   raw: 'peerjs',
48 silly mapToRegistry   scope: null,
48 silly mapToRegistry   escapedName: 'peerjs',
48 silly mapToRegistry   name: 'peerjs',
48 silly mapToRegistry   rawSpec: '',
48 silly mapToRegistry   spec: 'latest',
48 silly mapToRegistry   type: 'tag' }
49 silly mapToRegistry uri https://registry.npmjs.org/peerjs
50 verbose addNameRange registry:https://registry.npmjs.org/peerjs not in flight; fetching
51 verbose get https://registry.npmjs.org/peerjs not expired, no request
52 silly addNameRange number 2 { name: 'peerjs', range: '>=0.3.14 <0.4.0', hasData: true }
53 silly addNameRange versions [ 'peerjs',
53 silly addNameRange   [ '0.2.0',
53 silly addNameRange     '0.3.1',
53 silly addNameRange     '0.3.2',
53 silly addNameRange     '0.3.4',
53 silly addNameRange     '0.3.5',
53 silly addNameRange     '0.3.6',
53 silly addNameRange     '0.3.8',
53 silly addNameRange     '0.3.9',
53 silly addNameRange     '0.3.10',
53 silly addNameRange     '0.3.12',
53 silly addNameRange     '0.3.13',
53 silly addNameRange     '0.3.14' ] ]
54 silly addNamed peerjs@0.3.14
55 verbose addNamed "0.3.14" is a plain semver version for peerjs
56 silly cache afterAdd peerjs@0.3.14
57 verbose afterAdd C:\Users\EV Tech\AppData\Roaming\npm-cache\peerjs\0.3.14\package\package.json not in flight; writing
58 verbose correctMkdir C:\Users\EV Tech\AppData\Roaming\npm-cache correctMkdir not in flight; initializing
59 verbose afterAdd C:\Users\EV Tech\AppData\Roaming\npm-cache\peerjs\0.3.14\package\package.json written
60 silly fetchNamedPackageData eventemitter3
61 silly mapToRegistry name eventemitter3
62 silly mapToRegistry using default registry
63 silly mapToRegistry registry https://registry.npmjs.org/
64 silly mapToRegistry data Result {
64 silly mapToRegistry   raw: 'eventemitter3',
64 silly mapToRegistry   scope: null,
64 silly mapToRegistry   escapedName: 'eventemitter3',
64 silly mapToRegistry   name: 'eventemitter3',
64 silly mapToRegistry   rawSpec: '',
64 silly mapToRegistry   spec: 'latest',
64 silly mapToRegistry   type: 'tag' }
65 silly mapToRegistry uri https://registry.npmjs.org/eventemitter3
66 silly fetchNamedPackageData js-binarypack
67 silly mapToRegistry name js-binarypack
68 silly mapToRegistry using default registry
69 silly mapToRegistry registry https://registry.npmjs.org/
70 silly mapToRegistry data Result {
70 silly mapToRegistry   raw: 'js-binarypack',
70 silly mapToRegistry   scope: null,
70 silly mapToRegistry   escapedName: 'js-binarypack',
70 silly mapToRegistry   name: 'js-binarypack',
70 silly mapToRegistry   rawSpec: '',
70 silly mapToRegistry   spec: 'latest',
70 silly mapToRegistry   type: 'tag' }
71 silly mapToRegistry uri https://registry.npmjs.org/js-binarypack
72 silly fetchOtherPackageData reliable@git+https://github.com/michelle/reliable.git
73 silly cache add args [ 'reliable@git+https://github.com/michelle/reliable.git',
73 silly cache add   null ]
74 verbose cache add spec reliable@git+https://github.com/michelle/reliable.git
75 silly cache add parsed spec Result {
75 silly cache add   raw: 'reliable@git+https://github.com/michelle/reliable.git',
75 silly cache add   scope: null,
75 silly cache add   escapedName: 'reliable',
75 silly cache add   name: 'reliable',
75 silly cache add   rawSpec: 'git+https://github.com/michelle/reliable.git',
75 silly cache add   spec: 'git+https://github.com/michelle/reliable.git',
75 silly cache add   type: 'hosted',
75 silly cache add   hosted:
75 silly cache add    { type: 'github',
75 silly cache add      ssh: 'git@github.com:michelle/reliable.git',
75 silly cache add      sshUrl: 'git+ssh://git@github.com/michelle/reliable.git',
75 silly cache add      httpsUrl: 'git+https://github.com/michelle/reliable.git',
75 silly cache add      gitUrl: 'git://github.com/michelle/reliable.git',
75 silly cache add      shortcut: 'github:michelle/reliable',
75 silly cache add      directUrl: 'https://raw.githubusercontent.com/michelle/reliable/master/package.json' } }
76 verbose addRemoteGit caching git+https://github.com/michelle/reliable.git
77 verbose addRemoteGit git+https://github.com/michelle/reliable.git is a repository hosted by github
78 silly tryClone cloning git+https://github.com/michelle/reliable.git via git+https://github.com/michelle/reliable.git
79 verbose tryClone git-https-github-com-michelle-reliable-git-56b86b5a not in flight; caching
80 verbose correctMkdir C:\Users\EV Tech\AppData\Roaming\npm-cache\_git-remotes correctMkdir not in flight; initializing
81 verbose request uri https://registry.npmjs.org/eventemitter3
82 verbose request no auth needed
83 info attempt registry request try #1 at 09:28:27
84 verbose etag W/"59b5df94-8794"
85 verbose lastModified Mon, 11 Sep 2017 00:57:56 GMT
86 http request GET https://registry.npmjs.org/eventemitter3
87 verbose request uri https://registry.npmjs.org/js-binarypack
88 verbose request no auth needed
89 info attempt registry request try #1 at 09:28:27
90 verbose etag W/"54359360-1473"
91 verbose lastModified Wed, 08 Oct 2014 19:41:20 GMT
92 http request GET https://registry.npmjs.org/js-binarypack
93 warn addRemoteGit Error: not found: git
93 warn addRemoteGit     at getNotFoundError (C:\Program Files\nodejs\node_modules\npm\node_modules\which\which.js:14:12)
93 warn addRemoteGit     at F (C:\Program Files\nodejs\node_modules\npm\node_modules\which\which.js:69:19)
93 warn addRemoteGit     at E (C:\Program Files\nodejs\node_modules\npm\node_modules\which\which.js:81:29)
93 warn addRemoteGit     at C:\Program Files\nodejs\node_modules\npm\node_modules\which\which.js:90:16
93 warn addRemoteGit     at C:\Program Files\nodejs\node_modules\npm\node_modules\which\node_modules\isexe\index.js:44:5
93 warn addRemoteGit     at C:\Program Files\nodejs\node_modules\npm\node_modules\which\node_modules\isexe\windows.js:29:5
93 warn addRemoteGit     at C:\Program Files\nodejs\node_modules\npm\node_modules\graceful-fs\polyfills.js:264:29
93 warn addRemoteGit     at FSReqWrap.oncomplete (fs.js:123:15)
93 warn addRemoteGit  git+https://github.com/michelle/reliable.git resetting remote C:\Users\EV Tech\AppData\Roaming\npm-cache\_git-remotes\git-https-github-com-michelle-reliable-git-56b86b5a because of error: { Error: not found: git
93 warn addRemoteGit     at getNotFoundError (C:\Program Files\nodejs\node_modules\npm\node_modules\which\which.js:14:12)
93 warn addRemoteGit     at F (C:\Program Files\nodejs\node_modules\npm\node_modules\which\which.js:69:19)
93 warn addRemoteGit     at E (C:\Program Files\nodejs\node_modules\npm\node_modules\which\which.js:81:29)
93 warn addRemoteGit     at C:\Program Files\nodejs\node_modules\npm\node_modules\which\which.js:90:16
93 warn addRemoteGit     at C:\Program Files\nodejs\node_modules\npm\node_modules\which\node_modules\isexe\index.js:44:5
93 warn addRemoteGit     at C:\Program Files\nodejs\node_modules\npm\node_modules\which\node_modules\isexe\windows.js:29:5
93 warn addRemoteGit     at C:\Program Files\nodejs\node_modules\npm\node_modules\graceful-fs\polyfills.js:264:29
93 warn addRemoteGit     at FSReqWrap.oncomplete (fs.js:123:15) code: 'ENOGIT' }
94 info resetRemote resetting C:\Users\EV Tech\AppData\Roaming\npm-cache\_git-remotes\git-https-github-com-michelle-reliable-git-56b86b5a for git+https://github.com/michelle/reliable.git
95 silly gentlyRm C:\Users\EV Tech\AppData\Roaming\npm-cache\_git-remotes\git-https-github-com-michelle-reliable-git-56b86b5a is being purged
96 verbose gentlyRm don't care about contents; nuking C:\Users\EV Tech\AppData\Roaming\npm-cache\_git-remotes\git-https-github-com-michelle-reliable-git-56b86b5a
97 silly vacuum-fs purging C:\Users\EV Tech\AppData\Roaming\npm-cache\_git-remotes\git-https-github-com-michelle-reliable-git-56b86b5a
98 http 304 https://registry.npmjs.org/eventemitter3
99 verbose headers { date: 'Fri, 06 Oct 2017 16:28:25 GMT',
99 verbose headers   via: '1.1 varnish',
99 verbose headers   'cache-control': 'max-age=300',
99 verbose headers   etag: 'W/"59b5df94-8794"',
99 verbose headers   age: '38',
99 verbose headers   connection: 'keep-alive',
99 verbose headers   'x-served-by': 'cache-sea1022-SEA',
99 verbose headers   'x-cache': 'HIT',
99 verbose headers   'x-cache-hits': '3',
99 verbose headers   'x-timer': 'S1507307305.229413,VS0,VE0',
99 verbose headers   vary: 'Accept-Encoding, Accept' }
100 silly get cb [ 304,
100 silly get   { date: 'Fri, 06 Oct 2017 16:28:25 GMT',
100 silly get     via: '1.1 varnish',
100 silly get     'cache-control': 'max-age=300',
100 silly get     etag: 'W/"59b5df94-8794"',
100 silly get     age: '38',
100 silly get     connection: 'keep-alive',
100 silly get     'x-served-by': 'cache-sea1022-SEA',
100 silly get     'x-cache': 'HIT',
100 silly get     'x-cache-hits': '3',
100 silly get     'x-timer': 'S1507307305.229413,VS0,VE0',
100 silly get     vary: 'Accept-Encoding, Accept' } ]
101 verbose etag https://registry.npmjs.org/eventemitter3 from cache
102 verbose get saving eventemitter3 to C:\Users\EV Tech\AppData\Roaming\npm-cache\registry.npmjs.org\eventemitter3\.cache.json
103 verbose correctMkdir C:\Users\EV Tech\AppData\Roaming\npm-cache correctMkdir not in flight; initializing
104 silly vacuum-fs quitting because other entries in C:\Users\EV Tech\AppData\Roaming\npm-cache\_git-remotes
105 silly resolveWithNewModule eventemitter3@0.1.6 checking installable status
106 silly cache add args [ 'eventemitter3@^0.1.5', null ]
107 verbose cache add spec eventemitter3@^0.1.5
108 silly cache add parsed spec Result {
108 silly cache add   raw: 'eventemitter3@^0.1.5',
108 silly cache add   scope: null,
108 silly cache add   escapedName: 'eventemitter3',
108 silly cache add   name: 'eventemitter3',
108 silly cache add   rawSpec: '^0.1.5',
108 silly cache add   spec: '>=0.1.5 <0.2.0',
108 silly cache add   type: 'range' }
109 silly addNamed eventemitter3@>=0.1.5 <0.2.0
110 verbose addNamed ">=0.1.5 <0.2.0" is a valid semver range for eventemitter3
111 silly addNameRange { name: 'eventemitter3',
111 silly addNameRange   range: '>=0.1.5 <0.2.0',
111 silly addNameRange   hasData: false }
112 silly mapToRegistry name eventemitter3
113 silly mapToRegistry using default registry
114 silly mapToRegistry registry https://registry.npmjs.org/
115 silly mapToRegistry data Result {
115 silly mapToRegistry   raw: 'eventemitter3',
115 silly mapToRegistry   scope: null,
115 silly mapToRegistry   escapedName: 'eventemitter3',
115 silly mapToRegistry   name: 'eventemitter3',
115 silly mapToRegistry   rawSpec: '',
115 silly mapToRegistry   spec: 'latest',
115 silly mapToRegistry   type: 'tag' }
116 silly mapToRegistry uri https://registry.npmjs.org/eventemitter3
117 verbose addNameRange registry:https://registry.npmjs.org/eventemitter3 not in flight; fetching
118 verbose get https://registry.npmjs.org/eventemitter3 not expired, no request
119 silly addNameRange number 2 { name: 'eventemitter3', range: '>=0.1.5 <0.2.0', hasData: true }
120 silly addNameRange versions [ 'eventemitter3',
120 silly addNameRange   [ '0.0.0',
120 silly addNameRange     '0.0.1',
120 silly addNameRange     '0.1.0',
120 silly addNameRange     '0.1.1',
120 silly addNameRange     '0.1.2',
120 silly addNameRange     '0.1.3',
120 silly addNameRange     '0.1.4',
120 silly addNameRange     '0.1.5',
120 silly addNameRange     '0.1.6',
120 silly addNameRange     '1.0.0',
120 silly addNameRange     '1.0.1',
120 silly addNameRange     '1.0.2',
120 silly addNameRange     '1.0.3',
120 silly addNameRange     '1.1.0',
120 silly addNameRange     '1.1.1',
120 silly addNameRange     '1.2.0',
120 silly addNameRange     '2.0.0',
120 silly addNameRange     '2.0.1',
120 silly addNameRange     '2.0.2',
120 silly addNameRange     '2.0.3' ] ]
121 silly addNamed eventemitter3@0.1.6
122 verbose addNamed "0.1.6" is a plain semver version for eventemitter3
123 silly cache afterAdd eventemitter3@0.1.6
124 verbose afterAdd C:\Users\EV Tech\AppData\Roaming\npm-cache\eventemitter3\0.1.6\package\package.json not in flight; writing
125 verbose correctMkdir C:\Users\EV Tech\AppData\Roaming\npm-cache correctMkdir not in flight; initializing
126 verbose afterAdd C:\Users\EV Tech\AppData\Roaming\npm-cache\eventemitter3\0.1.6\package\package.json written
127 error git clone --template=C:\Users\EV Tech\AppData\Roaming\npm-cache\_git-remotes\_templates --mirror https://github.com/michelle/reliable.git C:\Users\EV Tech\AppData\Roaming\npm-cache\_git-remotes\git-https-github-com-michelle-reliable-git-56b86b5a: undefined
127 error git clone --template=C:\Users\EV Tech\AppData\Roaming\npm-cache\_git-remotes\_templates --mirror https://github.com/michelle/reliable.git C:\Users\EV Tech\AppData\Roaming\npm-cache\_git-remotes\git-https-github-com-michelle-reliable-git-56b86b5a: undefined
128 silly fetchPackageMetaData Error: not found: git
128 silly fetchPackageMetaData     at getNotFoundError (C:\Program Files\nodejs\node_modules\npm\node_modules\which\which.js:14:12)
128 silly fetchPackageMetaData     at F (C:\Program Files\nodejs\node_modules\npm\node_modules\which\which.js:69:19)
128 silly fetchPackageMetaData     at E (C:\Program Files\nodejs\node_modules\npm\node_modules\which\which.js:81:29)
128 silly fetchPackageMetaData     at C:\Program Files\nodejs\node_modules\npm\node_modules\which\which.js:90:16
128 silly fetchPackageMetaData     at C:\Program Files\nodejs\node_modules\npm\node_modules\which\node_modules\isexe\index.js:44:5
128 silly fetchPackageMetaData     at C:\Program Files\nodejs\node_modules\npm\node_modules\which\node_modules\isexe\windows.js:29:5
128 silly fetchPackageMetaData     at C:\Program Files\nodejs\node_modules\npm\node_modules\graceful-fs\polyfills.js:264:29
128 silly fetchPackageMetaData     at FSReqWrap.oncomplete (fs.js:123:15)
128 silly fetchPackageMetaData  error for reliable@git+https://github.com/michelle/reliable.git { Error: not found: git
128 silly fetchPackageMetaData     at getNotFoundError (C:\Program Files\nodejs\node_modules\npm\node_modules\which\which.js:14:12)
128 silly fetchPackageMetaData     at F (C:\Program Files\nodejs\node_modules\npm\node_modules\which\which.js:69:19)
128 silly fetchPackageMetaData     at E (C:\Program Files\nodejs\node_modules\npm\node_modules\which\which.js:81:29)
128 silly fetchPackageMetaData     at C:\Program Files\nodejs\node_modules\npm\node_modules\which\which.js:90:16
128 silly fetchPackageMetaData     at C:\Program Files\nodejs\node_modules\npm\node_modules\which\node_modules\isexe\index.js:44:5
128 silly fetchPackageMetaData     at C:\Program Files\nodejs\node_modules\npm\node_modules\which\node_modules\isexe\windows.js:29:5
128 silly fetchPackageMetaData     at C:\Program Files\nodejs\node_modules\npm\node_modules\graceful-fs\polyfills.js:264:29
128 silly fetchPackageMetaData     at FSReqWrap.oncomplete (fs.js:123:15) code: 'ENOGIT' }
129 http 304 https://registry.npmjs.org/js-binarypack
130 verbose headers { date: 'Fri, 06 Oct 2017 16:28:25 GMT',
130 verbose headers   via: '1.1 varnish',
130 verbose headers   'cache-control': 'max-age=300',
130 verbose headers   etag: 'W/"54359360-1473"',
130 verbose headers   age: '0',
130 verbose headers   connection: 'keep-alive',
130 verbose headers   'x-served-by': 'cache-sea1049-SEA',
130 verbose headers   'x-cache': 'MISS',
130 verbose headers   'x-cache-hits': '0',
130 verbose headers   'x-timer': 'S1507307305.292350,VS0,VE110',
130 verbose headers   vary: 'Accept-Encoding, Accept' }
131 silly get cb [ 304,
131 silly get   { date: 'Fri, 06 Oct 2017 16:28:25 GMT',
131 silly get     via: '1.1 varnish',
131 silly get     'cache-control': 'max-age=300',
131 silly get     etag: 'W/"54359360-1473"',
131 silly get     age: '0',
131 silly get     connection: 'keep-alive',
131 silly get     'x-served-by': 'cache-sea1049-SEA',
131 silly get     'x-cache': 'MISS',
131 silly get     'x-cache-hits': '0',
131 silly get     'x-timer': 'S1507307305.292350,VS0,VE110',
131 silly get     vary: 'Accept-Encoding, Accept' } ]
132 verbose etag https://registry.npmjs.org/js-binarypack from cache
133 verbose get saving js-binarypack to C:\Users\EV Tech\AppData\Roaming\npm-cache\registry.npmjs.org\js-binarypack\.cache.json
134 verbose correctMkdir C:\Users\EV Tech\AppData\Roaming\npm-cache correctMkdir not in flight; initializing
135 silly resolveWithNewModule js-binarypack@0.0.9 checking installable status
136 silly cache add args [ 'js-binarypack@0.0.9', null ]
137 verbose cache add spec js-binarypack@0.0.9
138 silly cache add parsed spec Result {
138 silly cache add   raw: 'js-binarypack@0.0.9',
138 silly cache add   scope: null,
138 silly cache add   escapedName: 'js-binarypack',
138 silly cache add   name: 'js-binarypack',
138 silly cache add   rawSpec: '0.0.9',
138 silly cache add   spec: '0.0.9',
138 silly cache add   type: 'version' }
139 silly addNamed js-binarypack@0.0.9
140 verbose addNamed "0.0.9" is a plain semver version for js-binarypack
141 silly mapToRegistry name js-binarypack
142 silly mapToRegistry using default registry
143 silly mapToRegistry registry https://registry.npmjs.org/
144 silly mapToRegistry data Result {
144 silly mapToRegistry   raw: 'js-binarypack',
144 silly mapToRegistry   scope: null,
144 silly mapToRegistry   escapedName: 'js-binarypack',
144 silly mapToRegistry   name: 'js-binarypack',
144 silly mapToRegistry   rawSpec: '',
144 silly mapToRegistry   spec: 'latest',
144 silly mapToRegistry   type: 'tag' }
145 silly mapToRegistry uri https://registry.npmjs.org/js-binarypack
146 verbose addNameVersion registry:https://registry.npmjs.org/js-binarypack not in flight; fetching
147 verbose get https://registry.npmjs.org/js-binarypack not expired, no request
148 silly cache afterAdd js-binarypack@0.0.9
149 verbose afterAdd C:\Users\EV Tech\AppData\Roaming\npm-cache\js-binarypack\0.0.9\package\package.json not in flight; writing
150 verbose correctMkdir C:\Users\EV Tech\AppData\Roaming\npm-cache correctMkdir not in flight; initializing
151 verbose afterAdd C:\Users\EV Tech\AppData\Roaming\npm-cache\js-binarypack\0.0.9\package\package.json written
152 silly rollbackFailedOptional Starting
153 silly rollbackFailedOptional Finishing
154 silly runTopLevelLifecycles Finishing
155 silly install printInstalled
156 verbose stack Error: not found: git
156 verbose stack     at getNotFoundError (C:\Program Files\nodejs\node_modules\npm\node_modules\which\which.js:14:12)
156 verbose stack     at F (C:\Program Files\nodejs\node_modules\npm\node_modules\which\which.js:69:19)
156 verbose stack     at E (C:\Program Files\nodejs\node_modules\npm\node_modules\which\which.js:81:29)
156 verbose stack     at C:\Program Files\nodejs\node_modules\npm\node_modules\which\which.js:90:16
156 verbose stack     at C:\Program Files\nodejs\node_modules\npm\node_modules\which\node_modules\isexe\index.js:44:5
156 verbose stack     at C:\Program Files\nodejs\node_modules\npm\node_modules\which\node_modules\isexe\windows.js:29:5
156 verbose stack     at C:\Program Files\nodejs\node_modules\npm\node_modules\graceful-fs\polyfills.js:264:29
156 verbose stack     at FSReqWrap.oncomplete (fs.js:123:15)
157 verbose cwd E:\fred\webrtc-web-master\work\public
158 error Windows_NT 10.0.14393
159 error argv "C:\\Program Files\\nodejs\\node.exe" "C:\\Program Files\\nodejs\\node_modules\\npm\\bin\\npm-cli.js" "install"
160 error node v6.11.4
161 error npm  v3.10.10
162 error code ENOGIT
163 error not found: git
164 error Failed using git.
164 error This is most likely not a problem with npm itself.
164 error Please check if you have git installed and in your PATH.
165 verbose exit [ 1, true ]
